<?xml version="1.0" encoding="UTF-8"?>
<!-- Generated by org.testng.reporters.JUnitXMLReporter -->
<testsuite ignored="0" hostname="DESKTOP-MVEKIVB" failures="1" tests="4" name="iteration-2" time="5.481" errors="0" timestamp="2025-02-09T23:55:02 CST">
  <testcase classname="propertiestestfiles.PFProgramUsingSuitefile7" name="testdatasetup" time="0.003"/>
  <testcase classname="propertiestestfiles.PFProgramUsingSuitefile7" name="testAPI" time="0.934"/>
  <testcase classname="propertiestestfiles.PFProgramUsingSuitefile7" name="testUI" time="4.389"/>
  <testcase classname="propertiestestfiles.PFProgramUsingSuitefile7" name="e2eTestValidation" time="0.147">
    <failure type="org.openqa.selenium.WebDriverException" message="java.io.IOException: There is not enough space on the disk
Build info: version: &amp;apos;4.18.1&amp;apos;, revision: &amp;apos;b1d3319b48&amp;apos;
System info: os.name: &amp;apos;Windows 11&amp;apos;, os.arch: &amp;apos;amd64&amp;apos;, os.version: &amp;apos;10.0&amp;apos;, java.version: &amp;apos;11.0.18&amp;apos;
Driver info: driver.version: RemoteWebDriver">
      <![CDATA[org.openqa.selenium.WebDriverException: java.io.IOException: There is not enough space on the disk
Build info: version: '4.18.1', revision: 'b1d3319b48'
System info: os.name: 'Windows 11', os.arch: 'amd64', os.version: '10.0', java.version: '11.0.18'
Driver info: driver.version: RemoteWebDriver
at org.openqa.selenium.OutputType$3.save(OutputType.java:93)
at org.openqa.selenium.OutputType$3.convertFromBase64Png(OutputType.java:77)
at org.openqa.selenium.OutputType$3.convertFromBase64Png(OutputType.java:74)
at org.openqa.selenium.remote.RemoteWebDriver.getScreenshotAs(RemoteWebDriver.java:326)
at propertiestestfiles.PFProgramUsingSuitefile7.e2eTestValidation(PFProgramUsingSuitefile7.java:101)
at java.base/java.util.ArrayList.forEach(ArrayList.java:1541)
Caused by: java.io.IOException: There is not enough space on the disk
at java.base/sun.nio.ch.FileDispatcherImpl.write0(Native Method)
at java.base/sun.nio.ch.FileDispatcherImpl.write(FileDispatcherImpl.java:68)
at java.base/sun.nio.ch.IOUtil.writeFromNativeBuffer(IOUtil.java:113)
at java.base/sun.nio.ch.IOUtil.write(IOUtil.java:79)
at java.base/sun.nio.ch.FileChannelImpl.write(FileChannelImpl.java:280)
at java.base/java.nio.channels.Channels.writeFullyImpl(Channels.java:74)
at java.base/java.nio.channels.Channels.writeFully(Channels.java:97)
at java.base/java.nio.channels.Channels$1.write(Channels.java:172)
at java.base/java.nio.file.Files.write(Files.java:3430)
at org.openqa.selenium.OutputType$3.save(OutputType.java:90)
... 32 more
... Removed 27 stack frames]]>
    </failure>
  </testcase> <!-- e2eTestValidation -->
</testsuite> <!-- iteration-2 -->
