<?xml version="1.0" encoding="UTF-8"?>
<!-- Generated by org.testng.reporters.JUnitXMLReporter -->
<testsuite ignored="0" hostname="Bhargava_Home" failures="0" tests="4" name="iteration-2" time="3.786" errors="0" timestamp="2025-02-11T21:49:19 CST">
  <testcase classname="propertiestestfiles.PFProgramUsingSuitefile7" name="testdatasetup" time="0.002"/>
  <testcase classname="propertiestestfiles.PFProgramUsingSuitefile7" name="testAPI" time="0.413"/>
  <testcase classname="propertiestestfiles.PFProgramUsingSuitefile7" name="testUI" time="3.256"/>
  <testcase classname="propertiestestfiles.PFProgramUsingSuitefile7" name="e2eTestValidation" time="0.109"/>
</testsuite> <!-- iteration-2 -->
