<?xml version="1.0" encoding="UTF-8"?>
<!-- Generated by org.testng.reporters.JUnitXMLReporter -->
<testsuite ignored="0" hostname="Bhargava_Home" failures="0" tests="4" name="iteration-1" time="6.576" errors="0" timestamp="2025-02-11T21:49:15 CST">
  <testcase classname="propertiestestfiles.PFProgramUsingSuitefile7" name="testdatasetup" time="0.024"/>
  <testcase classname="propertiestestfiles.PFProgramUsingSuitefile7" name="testAPI" time="2.113"/>
  <testcase classname="propertiestestfiles.PFProgramUsingSuitefile7" name="testUI" time="4.3"/>
  <testcase classname="propertiestestfiles.PFProgramUsingSuitefile7" name="e2eTestValidation" time="0.112"/>
</testsuite> <!-- iteration-1 -->
